0 info it worked if it ends with ok
1 verbose cli [ '/home/uncleoptimus/.nvm/versions/node/v7.2.1/bin/node',
1 verbose cli   '/home/uncleoptimus/.nvm/versions/node/v7.2.1/bin/npm',
1 verbose cli   'run',
1 verbose cli   'flow',
1 verbose cli   'init' ]
2 info using npm@3.10.10
3 info using node@v7.2.1
4 verbose stack Error: missing script: flow
4 verbose stack     at run (/home/uncleoptimus/.nvm/versions/node/v7.2.1/lib/node_modules/npm/lib/run-script.js:151:19)
4 verbose stack     at /home/uncleoptimus/.nvm/versions/node/v7.2.1/lib/node_modules/npm/lib/run-script.js:61:5
4 verbose stack     at /home/uncleoptimus/.nvm/versions/node/v7.2.1/lib/node_modules/npm/node_modules/read-package-json/read-json.js:356:5
4 verbose stack     at checkBinReferences_ (/home/uncleoptimus/.nvm/versions/node/v7.2.1/lib/node_modules/npm/node_modules/read-package-json/read-json.js:320:45)
4 verbose stack     at final (/home/uncleoptimus/.nvm/versions/node/v7.2.1/lib/node_modules/npm/node_modules/read-package-json/read-json.js:354:3)
4 verbose stack     at then (/home/uncleoptimus/.nvm/versions/node/v7.2.1/lib/node_modules/npm/node_modules/read-package-json/read-json.js:124:5)
4 verbose stack     at /home/uncleoptimus/.nvm/versions/node/v7.2.1/lib/node_modules/npm/node_modules/read-package-json/read-json.js:311:12
4 verbose stack     at /home/uncleoptimus/.nvm/versions/node/v7.2.1/lib/node_modules/npm/node_modules/graceful-fs/graceful-fs.js:78:16
4 verbose stack     at tryToString (fs.js:425:3)
4 verbose stack     at FSReqWrap.readFileAfterClose [as oncomplete] (fs.js:412:12)
5 verbose cwd /home/uncleoptimus/Downloads/projects/nd-react/nd01-myreads
6 error Linux 3.18.0-14597-g61c88fee5b70
7 error argv "/home/uncleoptimus/.nvm/versions/node/v7.2.1/bin/node" "/home/uncleoptimus/.nvm/versions/node/v7.2.1/bin/npm" "run" "flow" "init"
8 error node v7.2.1
9 error npm  v3.10.10
10 error missing script: flow
11 error If you need help, you may report this error at:
11 error     <https://github.com/npm/npm/issues>
12 verbose exit [ 1, true ]
